<?xml version="1.0" encoding="UTF-8"?>
<!-- Generated by org.testng.reporters.JUnitXMLReporter -->
<testsuite hostname="TRICONNODE211" name="assignmentscreation" tests="4" failures="0" timestamp="25 Jul 2016 13:33:37 GMT" time="0.015" errors="0">
  <testcase name="@BeforeMethod configBeformtd" time="0.0" classname="connect.assignmentscreation.FileAttachment">
    <failure type="java.lang.NoClassDefFoundError" message="org/apache/log4j/xml/DOMConfigurator">
      <![CDATA[java.lang.NoClassDefFoundError: org/apache/log4j/xml/DOMConfigurator
	at connect.assignmentscreation.FileAttachment.configBeformtd(FileAttachment.java:29)
Caused by: java.lang.ClassNotFoundException: org.apache.log4j.xml.DOMConfigurator
	at java.net.URLClassLoader.findClass(URLClassLoader.java:381)
	at java.lang.ClassLoader.loadClass(ClassLoader.java:424)
	at sun.misc.Launcher$AppClassLoader.loadClass(Launcher.java:331)
	at java.lang.ClassLoader.loadClass(ClassLoader.java:357)
	... 26 more
... Removed 25 stack frames]]>
    </failure>
  </testcase> <!-- @BeforeMethod configBeformtd -->
  <testcase name="@AfterMethod configAftermtd" time="0.0" classname="connect.assignmentscreation.FileAttachment">
    <skipped/>
  </testcase> <!-- @AfterMethod configAftermtd -->
  <testcase name="@BeforeMethod configBeformtd" time="0.0" classname="connect.assignmentscreation.DiscussionBoardAssignment">
    <failure type="java.lang.NoClassDefFoundError" message="org/apache/log4j/xml/DOMConfigurator">
      <![CDATA[java.lang.NoClassDefFoundError: org/apache/log4j/xml/DOMConfigurator
	at connect.assignmentscreation.DiscussionBoardAssignment.configBeformtd(DiscussionBoardAssignment.java:28)
Caused by: java.lang.ClassNotFoundException: org.apache.log4j.xml.DOMConfigurator
	at java.net.URLClassLoader.findClass(URLClassLoader.java:381)
	at java.lang.ClassLoader.loadClass(ClassLoader.java:424)
	at sun.misc.Launcher$AppClassLoader.loadClass(Launcher.java:331)
	at java.lang.ClassLoader.loadClass(ClassLoader.java:357)
	... 26 more
... Removed 25 stack frames]]>
    </failure>
  </testcase> <!-- @BeforeMethod configBeformtd -->
  <testcase name="@AfterMethod configAftermtd" time="0.0" classname="connect.assignmentscreation.DiscussionBoardAssignment">
    <skipped/>
  </testcase> <!-- @AfterMethod configAftermtd -->
  <testcase name="@BeforeMethod configBeformtd" time="0.0" classname="connect.assignmentscreation.WebActivityAssignment">
    <failure type="java.lang.NoClassDefFoundError" message="org/apache/log4j/xml/DOMConfigurator">
      <![CDATA[java.lang.NoClassDefFoundError: org/apache/log4j/xml/DOMConfigurator
	at connect.assignmentscreation.WebActivityAssignment.configBeformtd(WebActivityAssignment.java:27)
Caused by: java.lang.ClassNotFoundException: org.apache.log4j.xml.DOMConfigurator
	at java.net.URLClassLoader.findClass(URLClassLoader.java:381)
	at java.lang.ClassLoader.loadClass(ClassLoader.java:424)
	at sun.misc.Launcher$AppClassLoader.loadClass(Launcher.java:331)
	at java.lang.ClassLoader.loadClass(ClassLoader.java:357)
	... 26 more
... Removed 25 stack frames]]>
    </failure>
  </testcase> <!-- @BeforeMethod configBeformtd -->
  <testcase name="@AfterMethod configAftermtd" time="0.0" classname="connect.assignmentscreation.WebActivityAssignment">
    <skipped/>
  </testcase> <!-- @AfterMethod configAftermtd -->
  <testcase name="@BeforeMethod configBeformtd" time="0.0" classname="connect.assignmentscreation.BlogAssignment">
    <failure type="java.lang.NoClassDefFoundError" message="org/apache/log4j/xml/DOMConfigurator">
      <![CDATA[java.lang.NoClassDefFoundError: org/apache/log4j/xml/DOMConfigurator
	at connect.assignmentscreation.BlogAssignment.configBeformtd(BlogAssignment.java:27)
Caused by: java.lang.ClassNotFoundException: org.apache.log4j.xml.DOMConfigurator
	at java.net.URLClassLoader.findClass(URLClassLoader.java:381)
	at java.lang.ClassLoader.loadClass(ClassLoader.java:424)
	at sun.misc.Launcher$AppClassLoader.loadClass(Launcher.java:331)
	at java.lang.ClassLoader.loadClass(ClassLoader.java:357)
	... 26 more
... Removed 25 stack frames]]>
    </failure>
  </testcase> <!-- @BeforeMethod configBeformtd -->
  <testcase name="@AfterMethod configAftermtd" time="0.0" classname="connect.assignmentscreation.BlogAssignment">
    <skipped/>
  </testcase> <!-- @AfterMethod configAftermtd -->
  <testcase name="CreateFileAttachmentAssignmentTest" time="0.0" classname="connect.assignmentscreation.FileAttachment">
    <skipped/>
  </testcase> <!-- CreateFileAttachmentAssignmentTest -->
  <testcase name="CreateDiscussionBoardAssignmentTest" time="0.0" classname="connect.assignmentscreation.DiscussionBoardAssignment">
    <skipped/>
  </testcase> <!-- CreateDiscussionBoardAssignmentTest -->
  <testcase name="CreateWebActivityAssignmentTest" time="0.0" classname="connect.assignmentscreation.WebActivityAssignment">
    <skipped/>
  </testcase> <!-- CreateWebActivityAssignmentTest -->
  <testcase name="CreateBlogAssignmentTest" time="0.0" classname="connect.assignmentscreation.BlogAssignment">
    <skipped/>
  </testcase> <!-- CreateBlogAssignmentTest -->
</testsuite> <!-- assignmentscreation -->
