<?xml version="1.0" encoding="UTF-8"?>
<!-- Generated by org.testng.reporters.JUnitXMLReporter -->
<testsuite hostname="TRICONNODE211" name="Test" tests="8" failures="0" timestamp="15 Jun 2016 10:48:21 GMT" time="171.81" errors="0">
  <testcase name="CreateCourse" time="41.003" classname="connect.login.MyCourses"/>
  <testcase name="RegisterStudentC15" time="29.022" classname="connect.login.StudentClassicRegistration"/>
  <testcase name="LoginEnterEmailAlertTest" time="8.287" classname="connect.login.login"/>
  <testcase name="LoginEnterPwdAlertTest" time="8.49" classname="connect.login.login"/>
  <testcase name="LoginForgotPwdTest" time="8.308" classname="connect.login.login"/>
  <testcase name="LoginHelpLinkTest" time="6.491" classname="connect.login.login"/>
  <testcase name="LoginTOUlinkTest" time="5.98" classname="connect.login.login"/>
  <testcase name="LoginTest" time="9.251" classname="connect.login.login"/>
</testsuite> <!-- Test -->
