<?xml version="1.0" encoding="UTF-8"?>
<testng-results skipped="0" failed="0" total="1" passed="1">
  <reporter-output>
  </reporter-output>
  <suite name="Suite" duration-ms="72479" started-at="2016-07-27T12:38:58Z" finished-at="2016-07-27T12:40:11Z">
    <groups>
    </groups>
    <test name="Test" duration-ms="72479" started-at="2016-07-27T12:38:58Z" finished-at="2016-07-27T12:40:11Z">
      <class name="connect.assignmentscreation.FileAttachment">
        <test-method status="PASS" signature="configBeformtd()[pri:0, instance:connect.assignmentscreation.FileAttachment@12bc6874]" name="configBeformtd" is-config="true" duration-ms="19225" started-at="2016-07-27T18:08:58Z" finished-at="2016-07-27T18:09:17Z">
          <reporter-output>
          </reporter-output>
        </test-method> <!-- configBeformtd -->
        <test-method status="PASS" signature="CreateFileAttachmentAssignmentTest()[pri:0, instance:connect.assignmentscreation.FileAttachment@12bc6874]" name="CreateFileAttachmentAssignmentTest" duration-ms="51368" started-at="2016-07-27T18:09:17Z" finished-at="2016-07-27T18:10:09Z">
          <reporter-output>
          </reporter-output>
        </test-method> <!-- CreateFileAttachmentAssignmentTest -->
        <test-method status="PASS" signature="configAftermtd()[pri:0, instance:connect.assignmentscreation.FileAttachment@12bc6874]" name="configAftermtd" is-config="true" duration-ms="1868" started-at="2016-07-27T18:10:09Z" finished-at="2016-07-27T18:10:11Z">
          <reporter-output>
          </reporter-output>
        </test-method> <!-- configAftermtd -->
      </class> <!-- connect.assignmentscreation.FileAttachment -->
    </test> <!-- Test -->
  </suite> <!-- Suite -->
</testng-results>
