<?xml version="1.0" encoding="UTF-8"?>
<testng-results skipped="1" failed="0" total="2" passed="1">
  <reporter-output>
  </reporter-output>
  <suite name="Suite" duration-ms="51469" started-at="2016-07-26T07:42:43Z" finished-at="2016-07-26T07:43:34Z">
    <groups>
    </groups>
    <test name="Test" duration-ms="51469" started-at="2016-07-26T07:42:43Z" finished-at="2016-07-26T07:43:34Z">
      <class name="connect.assignmentscreation.FileAttachment">
        <test-method status="SKIP" signature="CreateFileAttachmentAssignmentTest()[pri:0, instance:connect.assignmentscreation.FileAttachment@21bcffb5]" name="CreateFileAttachmentAssignmentTest" duration-ms="0" started-at="2016-07-26T13:12:43Z" finished-at="2016-07-26T13:12:43Z">
          <reporter-output>
          </reporter-output>
        </test-method> <!-- CreateFileAttachmentAssignmentTest -->
        <test-method status="SKIP" signature="configAftermtd()[pri:0, instance:connect.assignmentscreation.FileAttachment@21bcffb5]" name="configAftermtd" is-config="true" duration-ms="0" started-at="2016-07-26T13:12:43Z" finished-at="2016-07-26T13:12:43Z">
          <reporter-output>
          </reporter-output>
        </test-method> <!-- configAftermtd -->
        <test-method status="FAIL" signature="configBeformtd()[pri:0, instance:connect.assignmentscreation.FileAttachment@21bcffb5]" name="configBeformtd" is-config="true" duration-ms="0" started-at="2016-07-26T13:12:43Z" finished-at="2016-07-26T13:12:43Z">
          <exception class="java.lang.NoClassDefFoundError">
            <message>
              <![CDATA[org/apache/log4j/xml/DOMConfigurator]]>
            </message>
            <full-stacktrace>
              <![CDATA[java.lang.NoClassDefFoundError: org/apache/log4j/xml/DOMConfigurator
	at connect.assignmentscreation.FileAttachment.configBeformtd(FileAttachment.java:29)
	at sun.reflect.NativeMethodAccessorImpl.invoke0(Native Method)
	at sun.reflect.NativeMethodAccessorImpl.invoke(NativeMethodAccessorImpl.java:62)
	at sun.reflect.DelegatingMethodAccessorImpl.invoke(DelegatingMethodAccessorImpl.java:43)
	at java.lang.reflect.Method.invoke(Method.java:497)
	at org.testng.internal.MethodInvocationHelper.invokeMethod(MethodInvocationHelper.java:85)
	at org.testng.internal.Invoker.invokeConfigurationMethod(Invoker.java:510)
	at org.testng.internal.Invoker.invokeConfigurations(Invoker.java:211)
	at org.testng.internal.Invoker.invokeMethod(Invoker.java:585)
	at org.testng.internal.Invoker.invokeTestMethod(Invoker.java:816)
	at org.testng.internal.Invoker.invokeTestMethods(Invoker.java:1124)
	at org.testng.internal.TestMethodWorker.invokeTestMethods(TestMethodWorker.java:125)
	at org.testng.internal.TestMethodWorker.run(TestMethodWorker.java:108)
	at org.testng.TestRunner.privateRun(TestRunner.java:774)
	at org.testng.TestRunner.run(TestRunner.java:624)
	at org.testng.SuiteRunner.runTest(SuiteRunner.java:359)
	at org.testng.SuiteRunner.runSequentially(SuiteRunner.java:354)
	at org.testng.SuiteRunner.privateRun(SuiteRunner.java:312)
	at org.testng.SuiteRunner.run(SuiteRunner.java:261)
	at org.testng.SuiteRunnerWorker.runSuite(SuiteRunnerWorker.java:52)
	at org.testng.SuiteRunnerWorker.run(SuiteRunnerWorker.java:86)
	at org.testng.TestNG.runSuitesSequentially(TestNG.java:1215)
	at org.testng.TestNG.runSuitesLocally(TestNG.java:1140)
	at org.testng.TestNG.run(TestNG.java:1048)
	at org.testng.TestNG.privateMain(TestNG.java:1355)
	at org.testng.TestNG.main(TestNG.java:1324)
Caused by: java.lang.ClassNotFoundException: org.apache.log4j.xml.DOMConfigurator
	at java.net.URLClassLoader.findClass(URLClassLoader.java:381)
	at java.lang.ClassLoader.loadClass(ClassLoader.java:424)
	at sun.misc.Launcher$AppClassLoader.loadClass(Launcher.java:331)
	at java.lang.ClassLoader.loadClass(ClassLoader.java:357)
	... 26 more
]]>
            </full-stacktrace>
          </exception> <!-- java.lang.NoClassDefFoundError -->
          <reporter-output>
          </reporter-output>
        </test-method> <!-- configBeformtd -->
      </class> <!-- connect.assignmentscreation.FileAttachment -->
      <class name="connect.paam.paamlogin">
        <test-method status="PASS" signature="configBeformtd()[pri:0, instance:connect.paam.paamlogin@380fb434]" name="configBeformtd" is-config="true" duration-ms="8022" started-at="2016-07-26T13:12:43Z" finished-at="2016-07-26T13:12:51Z">
          <reporter-output>
          </reporter-output>
        </test-method> <!-- configBeformtd -->
        <test-method status="PASS" signature="loginTest()[pri:0, instance:connect.paam.paamlogin@380fb434]" name="loginTest" duration-ms="42998" started-at="2016-07-26T13:12:51Z" finished-at="2016-07-26T13:13:34Z">
          <reporter-output>
          </reporter-output>
        </test-method> <!-- loginTest -->
        <test-method status="PASS" signature="configAftermtd()[pri:0, instance:connect.paam.paamlogin@380fb434]" name="configAftermtd" is-config="true" duration-ms="432" started-at="2016-07-26T13:13:34Z" finished-at="2016-07-26T13:13:34Z">
          <reporter-output>
          </reporter-output>
        </test-method> <!-- configAftermtd -->
      </class> <!-- connect.paam.paamlogin -->
    </test> <!-- Test -->
  </suite> <!-- Suite -->
</testng-results>
